Determining if the pthread_create exist failed with the following output:
Change Dir: /home/macalester/Desktop/githubRepositories/catkin_ws/build/CMakeFiles/CMakeTmp

Run Build Command:/usr/bin/make "cmTryCompileExec2128038465/fast"
/usr/bin/make -f CMakeFiles/cmTryCompileExec2128038465.dir/build.make CMakeFiles/cmTryCompileExec2128038465.dir/build
make[1]: Entering directory `/home/macalester/Desktop/githubRepositories/catkin_ws/build/CMakeFiles/CMakeTmp'
/usr/bin/cmake -E cmake_progress_report /home/macalester/Desktop/githubRepositories/catkin_ws/build/CMakeFiles/CMakeTmp/CMakeFiles 1
Building C object CMakeFiles/cmTryCompileExec2128038465.dir/CheckSymbolExists.c.o
/usr/bin/cc    -o CMakeFiles/cmTryCompileExec2128038465.dir/CheckSymbolExists.c.o   -c /home/macalester/Desktop/githubRepositories/catkin_ws/build/CMakeFiles/CMakeTmp/CheckSymbolExists.c
Linking C executable cmTryCompileExec2128038465
/usr/bin/cmake -E cmake_link_script CMakeFiles/cmTryCompileExec2128038465.dir/link.txt --verbose=1
/usr/bin/cc       CMakeFiles/cmTryCompileExec2128038465.dir/CheckSymbolExists.c.o  -o cmTryCompileExec2128038465 -rdynamic 
CMakeFiles/cmTryCompileExec2128038465.dir/CheckSymbolExists.c.o: In function `main':
CheckSymbolExists.c:(.text+0xa): undefined reference to `pthread_create'
collect2: error: ld returned 1 exit status
make[1]: Leaving directory `/home/macalester/Desktop/githubRepositories/catkin_ws/build/CMakeFiles/CMakeTmp'
make[1]: *** [cmTryCompileExec2128038465] Error 1
make: *** [cmTryCompileExec2128038465/fast] Error 2

File /home/macalester/Desktop/githubRepositories/catkin_ws/build/CMakeFiles/CMakeTmp/CheckSymbolExists.c:
/* */
#include <pthread.h>

int main(int argc, char** argv)
{
  (void)argv;
#ifndef pthread_create
  return ((int*)(&pthread_create))[argc];
#else
  (void)argc;
  return 0;
#endif
}

Determining if the function pthread_create exists in the pthreads failed with the following output:
Change Dir: /home/macalester/Desktop/githubRepositories/catkin_ws/build/CMakeFiles/CMakeTmp

Run Build Command:/usr/bin/make "cmTryCompileExec3578193120/fast"
/usr/bin/make -f CMakeFiles/cmTryCompileExec3578193120.dir/build.make CMakeFiles/cmTryCompileExec3578193120.dir/build
make[1]: Entering directory `/home/macalester/Desktop/githubRepositories/catkin_ws/build/CMakeFiles/CMakeTmp'
/usr/bin/cmake -E cmake_progress_report /home/macalester/Desktop/githubRepositories/catkin_ws/build/CMakeFiles/CMakeTmp/CMakeFiles 1
Building C object CMakeFiles/cmTryCompileExec3578193120.dir/CheckFunctionExists.c.o
/usr/bin/cc   -DCHECK_FUNCTION_EXISTS=pthread_create   -o CMakeFiles/cmTryCompileExec3578193120.dir/CheckFunctionExists.c.o   -c /usr/share/cmake-2.8/Modules/CheckFunctionExists.c
Linking C executable cmTryCompileExec3578193120
/usr/bin/cmake -E cmake_link_script CMakeFiles/cmTryCompileExec3578193120.dir/link.txt --verbose=1
/usr/bin/cc   -DCHECK_FUNCTION_EXISTS=pthread_create    CMakeFiles/cmTryCompileExec3578193120.dir/CheckFunctionExists.c.o  -o cmTryCompileExec3578193120 -rdynamic -lpthreads 
/usr/bin/ld: cannot find -lpthreads
collect2: error: ld returned 1 exit status
make[1]: Leaving directory `/home/macalester/Desktop/githubRepositories/catkin_ws/build/CMakeFiles/CMakeTmp'
make[1]: *** [cmTryCompileExec3578193120] Error 1
make: *** [cmTryCompileExec3578193120/fast] Error 2


